<?xml version="1.0" encoding="UTF-8"?>
<!-- Generated by org.testng.reporters.JUnitReportReporter -->
<testsuite hostname="SanatKumar" failures="0" tests="1" name="com.testNg.ManagePackageTestNgTest" time="5.938" errors="0" timestamp="2023-08-09T17:53:45 IST" skipped="0">
  <testcase classname="com.testNg.ManagePackageTestNgTest" name="managePackage" time="5.938"/>
  <system-out/>
</testsuite> <!-- com.testNg.ManagePackageTestNgTest -->
