<?xml version="1.0" encoding="UTF-8"?>
<!-- Generated by org.testng.reporters.JUnitReportReporter -->
<testsuite hostname="SanatKumar" failures="0" tests="3" name="com.batchTest.SignupTest" time="0.021" errors="0" timestamp="2023-08-07T23:46:25 IST" skipped="0">
  <testcase classname="com.batchTest.SignupTest" name="signupByTwitter" time="0.005"/>
  <system-out/>
  <testcase classname="com.batchTest.SignupTest" name="signupByFacebook" time="0.002"/>
  <system-out/>
  <testcase classname="com.batchTest.SignupTest" name="signupByEmail" time="0.014"/>
  <system-out/>
</testsuite> <!-- com.batchTest.SignupTest -->
