<?xml version="1.0" encoding="UTF-8"?>
<!-- Generated by org.testng.reporters.JUnitReportReporter -->
<testsuite hostname="SanatKumar" failures="0" tests="1" name="com.newPratice.java.TestNgTest" time="0.007" errors="0" timestamp="2023-08-07T12:02:34 IST" skipped="0">
  <testcase classname="com.newPratice.java.TestNgTest" name="run_Script" time="0.007"/>
  <system-out/>
</testsuite> <!-- com.newPratice.java.TestNgTest -->
