<?xml version="1.0" encoding="UTF-8"?>
<!-- Generated by org.testng.reporters.JUnitReportReporter -->
<testsuite hostname="SanatKumar" failures="0" tests="1" name="com.testNg.CreatePkgTestNgTest" time="10.888" errors="0" timestamp="2023-08-08T12:27:13 IST" skipped="0">
  <testcase classname="com.testNg.CreatePkgTestNgTest" name="creatTour" time="10.888"/>
  <system-out/>
</testsuite> <!-- com.testNg.CreatePkgTestNgTest -->
