<?xml version="1.0" encoding="UTF-8"?>
<!-- Generated by org.testng.reporters.JUnitReportReporter -->
<testsuite hostname="SanatKumar" failures="0" tests="7" name="com.Pratice.java.Sports" time="0.025" errors="0" timestamp="2023-08-05T23:50:04 IST" skipped="0">
  <testcase classname="com.Pratice.java.Sports" name="excelData" time="0.002"/>
  <system-out/>
  <testcase classname="com.Pratice.java.Sports" name="excelData" time="0.011"/>
  <system-out/>
  <testcase classname="com.Pratice.java.Sports" name="excelData" time="0.002"/>
  <system-out/>
  <testcase classname="com.Pratice.java.Sports" name="excelData" time="0.003"/>
  <system-out/>
  <testcase classname="com.Pratice.java.Sports" name="excelData" time="0.001"/>
  <system-out/>
  <testcase classname="com.Pratice.java.Sports" name="excelData" time="0.003"/>
  <system-out/>
  <testcase classname="com.Pratice.java.Sports" name="excelData" time="0.003"/>
  <system-out/>
</testsuite> <!-- com.Pratice.java.Sports -->
