<?xml version="1.0" encoding="UTF-8"?>
<!-- Generated by org.testng.reporters.JUnitReportReporter -->
<testsuite hostname="SanatKumar" failures="0" tests="1" name="com.testNg.CreateTourTestNgTest" time="5.753" errors="0" timestamp="2023-08-11T17:08:08 IST" skipped="0">
  <testcase classname="com.testNg.CreateTourTestNgTest" name="createPkg" time="5.753"/>
  <system-out/>
</testsuite> <!-- com.testNg.CreateTourTestNgTest -->
