<?xml version="1.0" encoding="UTF-8"?>
<!-- Generated by org.testng.reporters.JUnitReportReporter -->
<testsuite hostname="SanatKumar" failures="0" tests="1" name="com.newPratice.java.SoftAssertTest" time="0.051" errors="0" timestamp="2023-08-09T14:06:57 IST" skipped="0">
  <testcase classname="com.newPratice.java.SoftAssertTest" name="verify" time="0.051"/>
  <system-out/>
</testsuite> <!-- com.newPratice.java.SoftAssertTest -->
