<?xml version="1.0" encoding="UTF-8"?>
<!-- Generated by org.testng.reporters.JUnitReportReporter -->
<testsuite hostname="SanatKumar" failures="0" tests="1" name="com.batchTest.PaymentReturns" time="0.001" errors="0" timestamp="2023-08-07T23:46:25 IST" skipped="0">
  <testcase classname="com.batchTest.PaymentReturns" name="returnByBank" time="0.001"/>
  <system-out/>
</testsuite> <!-- com.batchTest.PaymentReturns -->
