<?xml version="1.0" encoding="UTF-8"?>
<!-- Generated by org.testng.reporters.JUnitReportReporter -->
<testsuite hostname="SanatKumar" failures="0" tests="2" name="com.Pratice.java.UseDataProvider" time="0.009" errors="0" timestamp="2023-08-04T13:25:55 IST" skipped="0">
  <testcase classname="com.Pratice.java.UseDataProvider" name="dataTest" time="0.007"/>
  <system-out/>
  <testcase classname="com.Pratice.java.UseDataProvider" name="dataTest" time="0.002"/>
  <system-out/>
</testsuite> <!-- com.Pratice.java.UseDataProvider -->
