<?xml version="1.0" encoding="UTF-8"?>
<!-- Generated by org.testng.reporters.JUnitReportReporter -->
<testsuite hostname="SanatKumar" failures="0" tests="1" name="com.tms.bookingpackage.java.CreatePkgTestNgTest" time="7.594" errors="0" timestamp="2023-08-08T12:11:13 IST" skipped="0">
  <testcase classname="com.tms.bookingpackage.java.CreatePkgTestNgTest" name="creatTour" time="7.594"/>
  <system-out/>
</testsuite> <!-- com.tms.bookingpackage.java.CreatePkgTestNgTest -->
