<?xml version="1.0" encoding="UTF-8"?>
<!-- Generated by org.testng.reporters.JUnitReportReporter -->
<testsuite hostname="SanatKumar" failures="0" tests="3" name="com.batchTest.LoginTest" time="0.006" errors="0" timestamp="2023-08-07T23:46:25 IST" skipped="0">
  <testcase classname="com.batchTest.LoginTest" name="loginByFacebook" time="0.002"/>
  <system-out/>
  <testcase classname="com.batchTest.LoginTest" name="loginByEmail" time="0.002"/>
  <system-out/>
  <testcase classname="com.batchTest.LoginTest" name="loginByTwitter" time="0.002"/>
  <system-out/>
</testsuite> <!-- com.batchTest.LoginTest -->
