<?xml version="1.0" encoding="UTF-8"?>
<!-- Generated by org.testng.reporters.JUnitReportReporter -->
<testsuite hostname="SanatKumar" failures="0" tests="2" name="com.batchTest.PaymentTest" time="0.002" errors="0" timestamp="2023-08-07T23:46:25 IST" skipped="0">
  <testcase classname="com.batchTest.PaymentTest" name="paymentInDollar" time="0.001"/>
  <system-out/>
  <testcase classname="com.batchTest.PaymentTest" name="paymentInRupees" time="0.001"/>
  <system-out/>
</testsuite> <!-- com.batchTest.PaymentTest -->
