<?xml version="1.0" encoding="UTF-8"?>
<!-- Generated by org.testng.reporters.JUnitReportReporter -->
<testsuite hostname="SanatKumar" failures="0" tests="1" name="com.testNg.WriteUsToIssueTicketTestNgTest" time="5.282" errors="0" timestamp="2023-08-09T13:28:05 IST" skipped="0">
  <testcase classname="com.testNg.WriteUsToIssueTicketTestNgTest" name="dataFlowInUser" time="5.282"/>
  <system-out/>
</testsuite> <!-- com.testNg.WriteUsToIssueTicketTestNgTest -->
