<?xml version="1.0" encoding="UTF-8"?>
<!-- Generated by org.testng.reporters.JUnitReportReporter -->
<testsuite hostname="SanatKumar" failures="0" tests="1" name="com.Pratice.java.HelloCmd" time="7.311" errors="0" timestamp="2023-07-28T22:11:43 IST" skipped="0">
  <testcase classname="com.Pratice.java.HelloCmd" name="login" time="7.311"/>
  <system-out/>
</testsuite> <!-- com.Pratice.java.HelloCmd -->
